<?xml version="1.0" encoding="utf-8"?><testsuites name="pytest tests"><testsuite name="pytest" errors="0" failures="1" skipped="1" tests="40" time="18.949" timestamp="2026-04-18T21:44:07.401930+00:00" hostname="agent-env-26d6fe0c-3698-4a09-a1f0-bcc1eb4fd50d"><testcase classname="tests.test_xenon_backend.TestHealth" name="test_root_endpoint" time="0.252" /><testcase classname="tests.test_xenon_backend.TestIdentities" name="test_create_identity" time="0.053" /><testcase classname="tests.test_xenon_backend.TestIdentities" name="test_create_disposable_identity" time="0.051" /><testcase classname="tests.test_xenon_backend.TestIdentities" name="test_list_identities" time="0.050" /><testcase classname="tests.test_xenon_backend.TestIdentities" name="test_get_identity" time="0.049" /><testcase classname="tests.test_xenon_backend.TestIdentities" name="test_get_nonexistent_identity" time="0.061" /><testcase classname="tests.test_xenon_backend.TestContacts" name="test_add_contact_success" time="0.051" /><testcase classname="tests.test_xenon_backend.TestContacts" name="test_add_contact_idempotent" time="0.056" /><testcase classname="tests.test_xenon_backend.TestContacts" name="test_add_contact_unknown_peer" time="0.046" /><testcase classname="tests.test_xenon_backend.TestContacts" name="test_list_contacts" time="0.051" /><testcase classname="tests.test_xenon_backend.TestContacts" name="test_verify_contact" time="0.050" /><testcase classname="tests.test_xenon_backend.TestChats" name="test_create_direct_chat" time="0.053" /><testcase classname="tests.test_xenon_backend.TestChats" name="test_create_direct_chat_reuses_existing" time="0.053" /><testcase classname="tests.test_xenon_backend.TestChats" name="test_create_group_chat" time="0.097" /><testcase classname="tests.test_xenon_backend.TestChats" name="test_create_broadcast_chat" time="0.055" /><testcase classname="tests.test_xenon_backend.TestChats" name="test_list_chats" time="0.049" /><testcase classname="tests.test_xenon_backend.TestChats" name="test_list_chats_exclude_vault" time="0.048" /><testcase classname="tests.test_xenon_backend.TestChats" name="test_get_chat" time="0.050" /><testcase classname="tests.test_xenon_backend.TestChats" name="test_update_chat_vault" time="0.052" /><testcase classname="tests.test_xenon_backend.TestChats" name="test_update_chat_ghost_mode" time="0.050" /><testcase classname="tests.test_xenon_backend.TestChats" name="test_update_chat_burn_seconds" time="0.047" /><testcase classname="tests.test_xenon_backend.TestChats" name="test_update_chat_decoy" time="0.048" /><testcase classname="tests.test_xenon_backend.TestChats" name="test_update_chat_name" time="0.050" /><testcase classname="tests.test_xenon_backend.TestChats" name="test_get_chat_fingerprint" time="0.048" /><testcase classname="tests.test_xenon_backend.TestMessages" name="test_send_message" time="0.054" /><testcase classname="tests.test_xenon_backend.TestMessages" name="test_send_message_updates_chat_preview" time="0.049" /><testcase classname="tests.test_xenon_backend.TestMessages" name="test_send_message_inherits_burn_seconds" time="0.000"><skipped type="pytest.skip" message="Need chat with burn_seconds">/app/backend/tests/test_xenon_backend.py:497: Need chat with burn_seconds</skipped></testcase><testcase classname="tests.test_xenon_backend.TestMessages" name="test_list_messages" time="0.081" /><testcase classname="tests.test_xenon_backend.TestMessages" name="test_list_messages_since" time="0.045"><failure message="AssertionError: assert '2026-04-18T21:44:08.979015+00:00' &gt; '2026-04-18T21:44:08.979015+00:00'">tests/test_xenon_backend.py:546: in test_list_messages_since
    assert msg["created_at"] &gt; since
E   AssertionError: assert '2026-04-18T21:44:08.979015+00:00' &gt; '2026-04-18T21:44:08.979015+00:00'</failure></testcase><testcase classname="tests.test_xenon_backend.TestMessages" name="test_mark_message_read" time="0.094" /><testcase classname="tests.test_xenon_backend.TestMessages" name="test_destroy_message" time="0.145" /><testcase classname="tests.test_xenon_backend.TestMessages" name="test_self_destruct_messages" time="5.201" /><testcase classname="tests.test_xenon_backend.TestTyping" name="test_set_typing" time="0.050" /><testcase classname="tests.test_xenon_backend.TestTyping" name="test_get_typing" time="0.045" /><testcase classname="tests.test_xenon_backend.TestTyping" name="test_typing_ttl" time="5.101" /><testcase classname="tests.test_xenon_backend.TestPanic" name="test_panic_wipes_identity" time="0.403" /><testcase classname="tests.test_xenon_backend.TestAI" name="test_ai_summarize" time="4.382" /><testcase classname="tests.test_xenon_backend.TestAI" name="test_ai_smart_reply" time="1.404" /><testcase classname="tests.test_xenon_backend.TestCleanup" name="test_cleanup_test_chats" time="0.180" /><testcase classname="tests.test_xenon_backend.TestCleanup" name="test_cleanup_test_identities" time="0.140" /></testsuite></testsuites>